Arguments: 
  C:\Program Files\nodejs\node.exe C:\Users\wuguang\AppData\Roaming\npm\node_modules\yarn\bin\yarn.js add webpack webpack-cli

PATH: 
  %Java_Home%\bin;C:\Program Files\Common Files\Oracle\Java\javapath;C:\Program Files (x86)\NetSarang\Xshell 6\;C:\ProgramData\Oracle\Java\javapath;C:\Program Files (x86)\Intel\iCLS Client\;C:\Program Files\Intel\iCLS Client\;C:\Windows\system32;C:\Windows;C:\Windows\System32\Wbem;C:\Windows\System32\WindowsPowerShell\v1.0\;C:\Program Files (x86)\NVIDIA Corporation\PhysX\Common;C:\Program Files (x86)\Intel\Intel(R) Management Engine Components\DAL;C:\Program Files\Intel\Intel(R) Management Engine Components\DAL;C:\Program Files (x86)\Intel\Intel(R) Management Engine Components\IPT;C:\Program Files\Intel\Intel(R) Management Engine Components\IPT;C:\WINDOWS\system32;C:\WINDOWS;C:\WINDOWS\System32\Wbem;C:\WINDOWS\System32\WindowsPowerShell\v1.0\;C:\WINDOWS\System32\OpenSSH\;C:\Program Files\Git\cmd;C:\Program Files\nodejs\;D:\Program Files\mysql-8.0.21-winx64\bin;D:\Program Files\Scripts\;D:\Program Files\;C:\Users\wuguang\AppData\Local\Microsoft\WindowsApps;C:\Users\wuguang\AppData\Local\Programs\Fiddler;C:\Users\wuguang\AppData\Local\Microsoft\WindowsApps;C:\Python27;C:\Users\wuguang\AppData\Local\Programs\Microsoft VS Code\bin;C:\Users\wuguang\AppData\Roaming\npm;D:\Program Files\PyCharm Community Edition 2019.2.3\bin;

Yarn version: 
  1.22.10

Node version: 
  10.15.3

Platform: 
  win32 x64

Trace: 
  Error: getaddrinfo ENOTFOUND registry.nlark.com registry.nlark.com:443
      at GetAddrInfoReqWrap.onlookup [as oncomplete] (dns.js:56:26)

npm manifest: 
  {
      "name": "practise-algorithm",
      "version": "1.0.0",
      "description": "my-practise-algorithm",
      "main": "index.js",
      "scripts": {
          "start":"node --inspect-brk ../node_modules/webpack/bin/webpack.js"
      },
      "repository": {
          "type": "git",
          "url": "git+https://github.com/wuguang/practise-algorithm.git"
      },
      "author": "",
      "license": "ISC",
      "bugs": {
          "url": "https://github.com/wuguang/practise-algorithm/issues"
      },
      "homepage": "https://github.com/wuguang/practise-algorithm#readme",
      "dependencies": {
          "data-struct-js": "0.0.15",
          "express": "^4.17.1",
          "webpack": "^5.64.4",
          "webpack-cli": "^4.9.1"
      },
      "devDependencies": {
          "promises-aplus-tests": "^2.1.2",
          "tapable": "^2.2.1"
      }
  }

yarn manifest: 
  No manifest

Lockfile: 
  No lockfile
